Created by PLY version 3.11 (http://www.dabeaz.com/ply)

Unused terminals:

    COLON
    COMMA
    ELSE
    EQUALS
    GREATER
    IF
    LESS
    NAME
    PRINT
    STRING

Grammar

Rule 0     S' -> expression
Rule 1     expression -> expression PLUS expression
Rule 2     expression -> expression MINUS expression
Rule 3     expression -> expression TIMES expression
Rule 4     expression -> expression DIVIDE expression
Rule 5     expression -> LPAREN expression RPAREN
Rule 6     expression -> NUMBER
Rule 7     expression -> expression AND expression
Rule 8     expression -> expression OR expression

Terminals, with rules where they appear

AND                  : 7
COLON                : 
COMMA                : 
DIVIDE               : 4
ELSE                 : 
EQUALS               : 
GREATER              : 
IF                   : 
LESS                 : 
LPAREN               : 5
MINUS                : 2
NAME                 : 
NUMBER               : 6
OR                   : 8
PLUS                 : 1
PRINT                : 
RPAREN               : 5
STRING               : 
TIMES                : 3
error                : 

Nonterminals, with rules where they appear

expression           : 1 1 2 2 3 3 4 4 5 7 7 8 8 0

Parsing method: LALR

state 0

    (0) S' -> . expression
    (1) expression -> . expression PLUS expression
    (2) expression -> . expression MINUS expression
    (3) expression -> . expression TIMES expression
    (4) expression -> . expression DIVIDE expression
    (5) expression -> . LPAREN expression RPAREN
    (6) expression -> . NUMBER
    (7) expression -> . expression AND expression
    (8) expression -> . expression OR expression

    LPAREN          shift and go to state 2
    NUMBER          shift and go to state 3

    expression                     shift and go to state 1

state 1

    (0) S' -> expression .
    (1) expression -> expression . PLUS expression
    (2) expression -> expression . MINUS expression
    (3) expression -> expression . TIMES expression
    (4) expression -> expression . DIVIDE expression
    (7) expression -> expression . AND expression
    (8) expression -> expression . OR expression

    PLUS            shift and go to state 4
    MINUS           shift and go to state 5
    TIMES           shift and go to state 6
    DIVIDE          shift and go to state 7
    AND             shift and go to state 8
    OR              shift and go to state 9


state 2

    (5) expression -> LPAREN . expression RPAREN
    (1) expression -> . expression PLUS expression
    (2) expression -> . expression MINUS expression
    (3) expression -> . expression TIMES expression
    (4) expression -> . expression DIVIDE expression
    (5) expression -> . LPAREN expression RPAREN
    (6) expression -> . NUMBER
    (7) expression -> . expression AND expression
    (8) expression -> . expression OR expression

    LPAREN          shift and go to state 2
    NUMBER          shift and go to state 3

    expression                     shift and go to state 10

state 3

    (6) expression -> NUMBER .

    PLUS            reduce using rule 6 (expression -> NUMBER .)
    MINUS           reduce using rule 6 (expression -> NUMBER .)
    TIMES           reduce using rule 6 (expression -> NUMBER .)
    DIVIDE          reduce using rule 6 (expression -> NUMBER .)
    AND             reduce using rule 6 (expression -> NUMBER .)
    OR              reduce using rule 6 (expression -> NUMBER .)
    $end            reduce using rule 6 (expression -> NUMBER .)
    RPAREN          reduce using rule 6 (expression -> NUMBER .)


state 4

    (1) expression -> expression PLUS . expression
    (1) expression -> . expression PLUS expression
    (2) expression -> . expression MINUS expression
    (3) expression -> . expression TIMES expression
    (4) expression -> . expression DIVIDE expression
    (5) expression -> . LPAREN expression RPAREN
    (6) expression -> . NUMBER
    (7) expression -> . expression AND expression
    (8) expression -> . expression OR expression

    LPAREN          shift and go to state 2
    NUMBER          shift and go to state 3

    expression                     shift and go to state 11

state 5

    (2) expression -> expression MINUS . expression
    (1) expression -> . expression PLUS expression
    (2) expression -> . expression MINUS expression
    (3) expression -> . expression TIMES expression
    (4) expression -> . expression DIVIDE expression
    (5) expression -> . LPAREN expression RPAREN
    (6) expression -> . NUMBER
    (7) expression -> . expression AND expression
    (8) expression -> . expression OR expression

    LPAREN          shift and go to state 2
    NUMBER          shift and go to state 3

    expression                     shift and go to state 12

state 6

    (3) expression -> expression TIMES . expression
    (1) expression -> . expression PLUS expression
    (2) expression -> . expression MINUS expression
    (3) expression -> . expression TIMES expression
    (4) expression -> . expression DIVIDE expression
    (5) expression -> . LPAREN expression RPAREN
    (6) expression -> . NUMBER
    (7) expression -> . expression AND expression
    (8) expression -> . expression OR expression

    LPAREN          shift and go to state 2
    NUMBER          shift and go to state 3

    expression                     shift and go to state 13

state 7

    (4) expression -> expression DIVIDE . expression
    (1) expression -> . expression PLUS expression
    (2) expression -> . expression MINUS expression
    (3) expression -> . expression TIMES expression
    (4) expression -> . expression DIVIDE expression
    (5) expression -> . LPAREN expression RPAREN
    (6) expression -> . NUMBER
    (7) expression -> . expression AND expression
    (8) expression -> . expression OR expression

    LPAREN          shift and go to state 2
    NUMBER          shift and go to state 3

    expression                     shift and go to state 14

state 8

    (7) expression -> expression AND . expression
    (1) expression -> . expression PLUS expression
    (2) expression -> . expression MINUS expression
    (3) expression -> . expression TIMES expression
    (4) expression -> . expression DIVIDE expression
    (5) expression -> . LPAREN expression RPAREN
    (6) expression -> . NUMBER
    (7) expression -> . expression AND expression
    (8) expression -> . expression OR expression

    LPAREN          shift and go to state 2
    NUMBER          shift and go to state 3

    expression                     shift and go to state 15

state 9

    (8) expression -> expression OR . expression
    (1) expression -> . expression PLUS expression
    (2) expression -> . expression MINUS expression
    (3) expression -> . expression TIMES expression
    (4) expression -> . expression DIVIDE expression
    (5) expression -> . LPAREN expression RPAREN
    (6) expression -> . NUMBER
    (7) expression -> . expression AND expression
    (8) expression -> . expression OR expression

    LPAREN          shift and go to state 2
    NUMBER          shift and go to state 3

    expression                     shift and go to state 16

state 10

    (5) expression -> LPAREN expression . RPAREN
    (1) expression -> expression . PLUS expression
    (2) expression -> expression . MINUS expression
    (3) expression -> expression . TIMES expression
    (4) expression -> expression . DIVIDE expression
    (7) expression -> expression . AND expression
    (8) expression -> expression . OR expression

    RPAREN          shift and go to state 17
    PLUS            shift and go to state 4
    MINUS           shift and go to state 5
    TIMES           shift and go to state 6
    DIVIDE          shift and go to state 7
    AND             shift and go to state 8
    OR              shift and go to state 9


state 11

    (1) expression -> expression PLUS expression .
    (1) expression -> expression . PLUS expression
    (2) expression -> expression . MINUS expression
    (3) expression -> expression . TIMES expression
    (4) expression -> expression . DIVIDE expression
    (7) expression -> expression . AND expression
    (8) expression -> expression . OR expression

    PLUS            reduce using rule 1 (expression -> expression PLUS expression .)
    MINUS           reduce using rule 1 (expression -> expression PLUS expression .)
    AND             reduce using rule 1 (expression -> expression PLUS expression .)
    OR              reduce using rule 1 (expression -> expression PLUS expression .)
    $end            reduce using rule 1 (expression -> expression PLUS expression .)
    RPAREN          reduce using rule 1 (expression -> expression PLUS expression .)
    TIMES           shift and go to state 6
    DIVIDE          shift and go to state 7

  ! TIMES           [ reduce using rule 1 (expression -> expression PLUS expression .) ]
  ! DIVIDE          [ reduce using rule 1 (expression -> expression PLUS expression .) ]
  ! PLUS            [ shift and go to state 4 ]
  ! MINUS           [ shift and go to state 5 ]
  ! AND             [ shift and go to state 8 ]
  ! OR              [ shift and go to state 9 ]


state 12

    (2) expression -> expression MINUS expression .
    (1) expression -> expression . PLUS expression
    (2) expression -> expression . MINUS expression
    (3) expression -> expression . TIMES expression
    (4) expression -> expression . DIVIDE expression
    (7) expression -> expression . AND expression
    (8) expression -> expression . OR expression

    PLUS            reduce using rule 2 (expression -> expression MINUS expression .)
    MINUS           reduce using rule 2 (expression -> expression MINUS expression .)
    AND             reduce using rule 2 (expression -> expression MINUS expression .)
    OR              reduce using rule 2 (expression -> expression MINUS expression .)
    $end            reduce using rule 2 (expression -> expression MINUS expression .)
    RPAREN          reduce using rule 2 (expression -> expression MINUS expression .)
    TIMES           shift and go to state 6
    DIVIDE          shift and go to state 7

  ! TIMES           [ reduce using rule 2 (expression -> expression MINUS expression .) ]
  ! DIVIDE          [ reduce using rule 2 (expression -> expression MINUS expression .) ]
  ! PLUS            [ shift and go to state 4 ]
  ! MINUS           [ shift and go to state 5 ]
  ! AND             [ shift and go to state 8 ]
  ! OR              [ shift and go to state 9 ]


state 13

    (3) expression -> expression TIMES expression .
    (1) expression -> expression . PLUS expression
    (2) expression -> expression . MINUS expression
    (3) expression -> expression . TIMES expression
    (4) expression -> expression . DIVIDE expression
    (7) expression -> expression . AND expression
    (8) expression -> expression . OR expression

    PLUS            reduce using rule 3 (expression -> expression TIMES expression .)
    MINUS           reduce using rule 3 (expression -> expression TIMES expression .)
    TIMES           reduce using rule 3 (expression -> expression TIMES expression .)
    DIVIDE          reduce using rule 3 (expression -> expression TIMES expression .)
    AND             reduce using rule 3 (expression -> expression TIMES expression .)
    OR              reduce using rule 3 (expression -> expression TIMES expression .)
    $end            reduce using rule 3 (expression -> expression TIMES expression .)
    RPAREN          reduce using rule 3 (expression -> expression TIMES expression .)

  ! PLUS            [ shift and go to state 4 ]
  ! MINUS           [ shift and go to state 5 ]
  ! TIMES           [ shift and go to state 6 ]
  ! DIVIDE          [ shift and go to state 7 ]
  ! AND             [ shift and go to state 8 ]
  ! OR              [ shift and go to state 9 ]


state 14

    (4) expression -> expression DIVIDE expression .
    (1) expression -> expression . PLUS expression
    (2) expression -> expression . MINUS expression
    (3) expression -> expression . TIMES expression
    (4) expression -> expression . DIVIDE expression
    (7) expression -> expression . AND expression
    (8) expression -> expression . OR expression

    PLUS            reduce using rule 4 (expression -> expression DIVIDE expression .)
    MINUS           reduce using rule 4 (expression -> expression DIVIDE expression .)
    TIMES           reduce using rule 4 (expression -> expression DIVIDE expression .)
    DIVIDE          reduce using rule 4 (expression -> expression DIVIDE expression .)
    AND             reduce using rule 4 (expression -> expression DIVIDE expression .)
    OR              reduce using rule 4 (expression -> expression DIVIDE expression .)
    $end            reduce using rule 4 (expression -> expression DIVIDE expression .)
    RPAREN          reduce using rule 4 (expression -> expression DIVIDE expression .)

  ! PLUS            [ shift and go to state 4 ]
  ! MINUS           [ shift and go to state 5 ]
  ! TIMES           [ shift and go to state 6 ]
  ! DIVIDE          [ shift and go to state 7 ]
  ! AND             [ shift and go to state 8 ]
  ! OR              [ shift and go to state 9 ]


state 15

    (7) expression -> expression AND expression .
    (1) expression -> expression . PLUS expression
    (2) expression -> expression . MINUS expression
    (3) expression -> expression . TIMES expression
    (4) expression -> expression . DIVIDE expression
    (7) expression -> expression . AND expression
    (8) expression -> expression . OR expression

  ! shift/reduce conflict for PLUS resolved as shift
  ! shift/reduce conflict for MINUS resolved as shift
  ! shift/reduce conflict for TIMES resolved as shift
  ! shift/reduce conflict for DIVIDE resolved as shift
  ! shift/reduce conflict for AND resolved as shift
  ! shift/reduce conflict for OR resolved as shift
    $end            reduce using rule 7 (expression -> expression AND expression .)
    RPAREN          reduce using rule 7 (expression -> expression AND expression .)
    PLUS            shift and go to state 4
    MINUS           shift and go to state 5
    TIMES           shift and go to state 6
    DIVIDE          shift and go to state 7
    AND             shift and go to state 8
    OR              shift and go to state 9

  ! PLUS            [ reduce using rule 7 (expression -> expression AND expression .) ]
  ! MINUS           [ reduce using rule 7 (expression -> expression AND expression .) ]
  ! TIMES           [ reduce using rule 7 (expression -> expression AND expression .) ]
  ! DIVIDE          [ reduce using rule 7 (expression -> expression AND expression .) ]
  ! AND             [ reduce using rule 7 (expression -> expression AND expression .) ]
  ! OR              [ reduce using rule 7 (expression -> expression AND expression .) ]


state 16

    (8) expression -> expression OR expression .
    (1) expression -> expression . PLUS expression
    (2) expression -> expression . MINUS expression
    (3) expression -> expression . TIMES expression
    (4) expression -> expression . DIVIDE expression
    (7) expression -> expression . AND expression
    (8) expression -> expression . OR expression

  ! shift/reduce conflict for PLUS resolved as shift
  ! shift/reduce conflict for MINUS resolved as shift
  ! shift/reduce conflict for TIMES resolved as shift
  ! shift/reduce conflict for DIVIDE resolved as shift
  ! shift/reduce conflict for AND resolved as shift
  ! shift/reduce conflict for OR resolved as shift
    $end            reduce using rule 8 (expression -> expression OR expression .)
    RPAREN          reduce using rule 8 (expression -> expression OR expression .)
    PLUS            shift and go to state 4
    MINUS           shift and go to state 5
    TIMES           shift and go to state 6
    DIVIDE          shift and go to state 7
    AND             shift and go to state 8
    OR              shift and go to state 9

  ! PLUS            [ reduce using rule 8 (expression -> expression OR expression .) ]
  ! MINUS           [ reduce using rule 8 (expression -> expression OR expression .) ]
  ! TIMES           [ reduce using rule 8 (expression -> expression OR expression .) ]
  ! DIVIDE          [ reduce using rule 8 (expression -> expression OR expression .) ]
  ! AND             [ reduce using rule 8 (expression -> expression OR expression .) ]
  ! OR              [ reduce using rule 8 (expression -> expression OR expression .) ]


state 17

    (5) expression -> LPAREN expression RPAREN .

    PLUS            reduce using rule 5 (expression -> LPAREN expression RPAREN .)
    MINUS           reduce using rule 5 (expression -> LPAREN expression RPAREN .)
    TIMES           reduce using rule 5 (expression -> LPAREN expression RPAREN .)
    DIVIDE          reduce using rule 5 (expression -> LPAREN expression RPAREN .)
    AND             reduce using rule 5 (expression -> LPAREN expression RPAREN .)
    OR              reduce using rule 5 (expression -> LPAREN expression RPAREN .)
    $end            reduce using rule 5 (expression -> LPAREN expression RPAREN .)
    RPAREN          reduce using rule 5 (expression -> LPAREN expression RPAREN .)

WARNING: 
WARNING: Conflicts:
WARNING: 
WARNING: shift/reduce conflict for PLUS in state 15 resolved as shift
WARNING: shift/reduce conflict for MINUS in state 15 resolved as shift
WARNING: shift/reduce conflict for TIMES in state 15 resolved as shift
WARNING: shift/reduce conflict for DIVIDE in state 15 resolved as shift
WARNING: shift/reduce conflict for AND in state 15 resolved as shift
WARNING: shift/reduce conflict for OR in state 15 resolved as shift
WARNING: shift/reduce conflict for PLUS in state 16 resolved as shift
WARNING: shift/reduce conflict for MINUS in state 16 resolved as shift
WARNING: shift/reduce conflict for TIMES in state 16 resolved as shift
WARNING: shift/reduce conflict for DIVIDE in state 16 resolved as shift
WARNING: shift/reduce conflict for AND in state 16 resolved as shift
WARNING: shift/reduce conflict for OR in state 16 resolved as shift
.
